{"total": {"lines":{"total":60,"covered":11,"skipped":0,"pct":18.33},"statements":{"total":60,"covered":11,"skipped":0,"pct":18.33},"functions":{"total":5,"covered":2,"skipped":0,"pct":40},"branches":{"total":5,"covered":2,"skipped":0,"pct":40},"branchesTrue":{"total":0,"covered":0,"skipped":0,"pct":100}}
,"D:\\code\\cv\\dist\\assets\\index-Bcf42JSe.js": {"lines":{"total":10,"covered":0,"skipped":0,"pct":0},"functions":{"total":1,"covered":0,"skipped":0,"pct":0},"statements":{"total":10,"covered":0,"skipped":0,"pct":0},"branches":{"total":1,"covered":0,"skipped":0,"pct":0}}
,"D:\\code\\cv\\src\\lib\\utils\\coverage.ts": {"lines":{"total":5,"covered":5,"skipped":0,"pct":100},"functions":{"total":1,"covered":1,"skipped":0,"pct":100},"statements":{"total":5,"covered":5,"skipped":0,"pct":100},"branches":{"total":1,"covered":1,"skipped":0,"pct":100}}
,"D:\\code\\cv\\src\\lib\\utils\\github.ts": {"lines":{"total":28,"covered":0,"skipped":0,"pct":0},"functions":{"total":1,"covered":0,"skipped":0,"pct":0},"statements":{"total":28,"covered":0,"skipped":0,"pct":0},"branches":{"total":1,"covered":0,"skipped":0,"pct":0}}
,"D:\\code\\cv\\src\\lib\\utils\\lastUpdateDate.ts": {"lines":{"total":6,"covered":6,"skipped":0,"pct":100},"functions":{"total":1,"covered":1,"skipped":0,"pct":100},"statements":{"total":6,"covered":6,"skipped":0,"pct":100},"branches":{"total":1,"covered":1,"skipped":0,"pct":100}}
,"D:\\code\\cv\\src\\lib\\utils\\pdf.ts": {"lines":{"total":11,"covered":0,"skipped":0,"pct":0},"functions":{"total":1,"covered":0,"skipped":0,"pct":0},"statements":{"total":11,"covered":0,"skipped":0,"pct":0},"branches":{"total":1,"covered":0,"skipped":0,"pct":0}}
}
